Using pre-set license
Built from '2020.3/release' branch; Version is '2020.3.27f1 (e759542391ea) revision 15161684'; Using compiler version '192528614'; Build Type 'Release'
OS: 'Windows 10  (10.0.19044) 64bit Professional' Language: 'en' Physical Memory: 16335 MB
BatchMode: 1, IsHumanControllingUs: 0, StartBugReporterOnCrash: 0, Is64bit: 1, IsPro: 0

COMMAND LINE ARGUMENTS:
C:\Program Files\Unity\Hub\Editor\2020.3.27f1\Editor\Unity.exe
-adb2
-batchMode
-noUpm
-name
AssetImportWorker0
-projectPath
C:/Users/kaoti/Desktop/Github/AR_Ass/ArTutorial
-logFile
Logs/AssetImportWorker0.log
-srvPort
64133
Successfully changed project path to: C:/Users/kaoti/Desktop/Github/AR_Ass/ArTutorial
C:/Users/kaoti/Desktop/Github/AR_Ass/ArTutorial
Using Asset Import Pipeline V2.
Refreshing native plugins compatible for Editor in 58.21 ms, found 2 plugins.
Preloading 0 native plugins for Editor in 0.00 ms.
Initialize engine version: 2020.3.27f1 (e759542391ea)
[Subsystems] Discovering subsystems at path C:/Program Files/Unity/Hub/Editor/2020.3.27f1/Editor/Data/Resources/UnitySubsystems
[Subsystems] Discovering subsystems at path C:/Users/kaoti/Desktop/Github/AR_Ass/ArTutorial/Assets
GfxDevice: creating device client; threaded=0
Direct3D:
    Version:  Direct3D 11.0 [level 11.1]
    Renderer: NVIDIA GeForce GTX 960 (ID=0x1401)
    Vendor:   
    VRAM:     2007 MB
    Driver:   26.21.14.3200
Initialize mono
Mono path[0] = 'C:/Program Files/Unity/Hub/Editor/2020.3.27f1/Editor/Data/Managed'
Mono path[1] = 'C:/Program Files/Unity/Hub/Editor/2020.3.27f1/Editor/Data/MonoBleedingEdge/lib/mono/unityjit'
Mono config path = 'C:/Program Files/Unity/Hub/Editor/2020.3.27f1/Editor/Data/MonoBleedingEdge/etc'
Using monoOptions --debugger-agent=transport=dt_socket,embedding=1,server=y,suspend=n,address=127.0.0.1:56564
Begin MonoManager ReloadAssembly
Registering precompiled unity dll's ...
Register platform support module: C:/Program Files/Unity/Hub/Editor/2020.3.27f1/Editor/Data/PlaybackEngines/WindowsStandaloneSupport/UnityEditor.WindowsStandalone.Extensions.dll
Registered in 0.002352 seconds.
Native extension for WindowsStandalone target not found
Refreshing native plugins compatible for Editor in 52.72 ms, found 2 plugins.
Preloading 0 native plugins for Editor in 0.00 ms.
Mono: successfully reloaded assembly
- Completed reload, in  0.576 seconds
Domain Reload Profiling:
	ReloadAssembly (576ms)
		BeginReloadAssembly (63ms)
			ExecutionOrderSort (0ms)
			DisableScriptedObjects (0ms)
			BackupInstance (0ms)
			ReleaseScriptingObjects (0ms)
			CreateAndSetChildDomain (1ms)
		EndReloadAssembly (442ms)
			LoadAssemblies (61ms)
			RebuildTransferFunctionScriptingTraits (0ms)
			SetupTypeCache (144ms)
			ReleaseScriptCaches (0ms)
			RebuildScriptCaches (28ms)
			SetupLoadedEditorAssemblies (171ms)
				LogAssemblyErrors (0ms)
				InitializePlatformSupportModulesInManaged (4ms)
				SetLoadedEditorAssemblies (0ms)
				RefreshPlugins (53ms)
				BeforeProcessingInitializeOnLoad (15ms)
				ProcessInitializeOnLoadAttributes (73ms)
				ProcessInitializeOnLoadMethodAttributes (26ms)
				AfterProcessingInitializeOnLoad (0ms)
				EditorAssembliesLoaded (0ms)
			ExecutionOrderSort2 (0ms)
			AwakeInstancesAfterBackupRestoration (0ms)
Platform modules already initialized, skipping
Registering precompiled user dll's ...
Registered in 0.005322 seconds.
Begin MonoManager ReloadAssembly
Native extension for WindowsStandalone target not found
Refreshing native plugins compatible for Editor in 56.14 ms, found 2 plugins.
Preloading 0 native plugins for Editor in 0.00 ms.
Mono: successfully reloaded assembly
- Completed reload, in  1.165 seconds
Domain Reload Profiling:
	ReloadAssembly (1166ms)
		BeginReloadAssembly (145ms)
			ExecutionOrderSort (0ms)
			DisableScriptedObjects (4ms)
			BackupInstance (0ms)
			ReleaseScriptingObjects (0ms)
			CreateAndSetChildDomain (18ms)
		EndReloadAssembly (960ms)
			LoadAssemblies (100ms)
			RebuildTransferFunctionScriptingTraits (0ms)
			SetupTypeCache (319ms)
			ReleaseScriptCaches (1ms)
			RebuildScriptCaches (50ms)
			SetupLoadedEditorAssemblies (371ms)
				LogAssemblyErrors (0ms)
				InitializePlatformSupportModulesInManaged (3ms)
				SetLoadedEditorAssemblies (0ms)
				RefreshPlugins (56ms)
				BeforeProcessingInitializeOnLoad (110ms)
				ProcessInitializeOnLoadAttributes (186ms)
				ProcessInitializeOnLoadMethodAttributes (8ms)
				AfterProcessingInitializeOnLoad (7ms)
				EditorAssembliesLoaded (0ms)
			ExecutionOrderSort2 (0ms)
			AwakeInstancesAfterBackupRestoration (6ms)
Platform modules already initialized, skipping
========================================================================
Worker process is ready to serve import requests
Launched and connected shader compiler UnityShaderCompiler.exe after 0.07 seconds
Refreshing native plugins compatible for Editor in 0.56 ms, found 2 plugins.
Preloading 0 native plugins for Editor in 0.00 ms.
Unloading 3230 Unused Serialized files (Serialized files now loaded: 0)
System memory in use before: 138.2 MB.
System memory in use after: 138.3 MB.

Unloading 22 unused Assets to reduce memory usage. Loaded Objects now: 3663.
Total: 3.184200 ms (FindLiveObjects: 0.266500 ms CreateObjectMapping: 0.167700 ms MarkObjects: 2.678600 ms  DeleteObjects: 0.070300 ms)

AssetImportParameters requested are different than current active one (requested -> active):
  custom:framework-win-MediaFoundation: 216162199b28c13a410421893ffa2e32 -> 
  custom:video-decoder-ogg-theora: a1e56fd34408186e4bbccfd4996cb3dc -> 
  custom:container-muxer-webm: aa71ff27fc2769a1b78a27578f13a17b -> 
  custom:container-demuxer-webm: 4f35f7cbe854078d1ac9338744f61a02 -> 
  custom:container-demuxer-ogg: 62fdf1f143b41e24485cea50d1cbac27 -> 
  custom:video-encoder-webm-vp8: eb34c28f22e8b96e1ab97ce403110664 -> 
  custom:video-decoder-webm-vp8: 9c59270c3fd7afecdb556c50c9e8de78 -> 
  custom:audio-decoder-ogg-vorbis: bf7c407c2cedff20999df2af8eb42d56 -> 
  custom:audio-encoder-webm-vorbis: bf7c407c2cedff20999df2af8eb42d56 -> 
========================================================================
Received Import Request.
  path: Assets/trackedimages/ReferenceImageLibrary.asset
  artifactKey: Guid(7d0488ffb6578134fbf83714f234e09a) Importer(815301076,1909f56bfc062723c751e8b465ee728b)
Start importing Assets/trackedimages/ReferenceImageLibrary.asset using Guid(7d0488ffb6578134fbf83714f234e09a) Importer(815301076,1909f56bfc062723c751e8b465ee728b)  -> (artifact id: '10265c1b465e2b3a269fbb57e889968a') in 0.058667 seconds 
  Import took 0.063581 seconds .

========================================================================
Received Import Request.
  Time since last request: 546.219120 seconds.
  path: Assets/trackedimages/ReferenceImageLibrary.asset
  artifactKey: Guid(7d0488ffb6578134fbf83714f234e09a) Importer(815301076,1909f56bfc062723c751e8b465ee728b)
Start importing Assets/trackedimages/ReferenceImageLibrary.asset using Guid(7d0488ffb6578134fbf83714f234e09a) Importer(815301076,1909f56bfc062723c751e8b465ee728b)  -> (artifact id: '613e5191e556cb3e0cf1785ab2ac718c') in 0.013854 seconds 
  Import took 0.026430 seconds .

========================================================================
Received Prepare
Registering precompiled user dll's ...
Registered in 0.017815 seconds.
Begin MonoManager ReloadAssembly
Native extension for WindowsStandalone target not found
Refreshing native plugins compatible for Editor in 0.61 ms, found 2 plugins.
Preloading 0 native plugins for Editor in 0.00 ms.
Mono: successfully reloaded assembly
- Completed reload, in  1.159 seconds
Domain Reload Profiling:
	ReloadAssembly (1159ms)
		BeginReloadAssembly (141ms)
			ExecutionOrderSort (0ms)
			DisableScriptedObjects (4ms)
			BackupInstance (0ms)
			ReleaseScriptingObjects (0ms)
			CreateAndSetChildDomain (36ms)
		EndReloadAssembly (944ms)
			LoadAssemblies (141ms)
			RebuildTransferFunctionScriptingTraits (0ms)
			SetupTypeCache (311ms)
			ReleaseScriptCaches (1ms)
			RebuildScriptCaches (42ms)
			SetupLoadedEditorAssemblies (346ms)
				LogAssemblyErrors (0ms)
				InitializePlatformSupportModulesInManaged (3ms)
				SetLoadedEditorAssemblies (0ms)
				RefreshPlugins (1ms)
				BeforeProcessingInitializeOnLoad (105ms)
				ProcessInitializeOnLoadAttributes (219ms)
				ProcessInitializeOnLoadMethodAttributes (10ms)
				AfterProcessingInitializeOnLoad (8ms)
				EditorAssembliesLoaded (0ms)
			ExecutionOrderSort2 (0ms)
			AwakeInstancesAfterBackupRestoration (12ms)
Platform modules already initialized, skipping
Switching build target platform(19) subTarget(0) extendedPlatform(0) -> platform(13) subTarget(589824) extendedPlatform(0)
Refreshing native plugins compatible for Editor in 0.58 ms, found 2 plugins.
Preloading 0 native plugins for Editor in 0.00 ms.
Unloading 3117 Unused Serialized files (Serialized files now loaded: 0)
System memory in use before: 129.3 MB.
System memory in use after: 129.5 MB.

Unloading 17 unused Assets to reduce memory usage. Loaded Objects now: 3666.
Total: 3.163200 ms (FindLiveObjects: 0.236000 ms CreateObjectMapping: 0.137900 ms MarkObjects: 2.750300 ms  DeleteObjects: 0.037700 ms)

AssetImportParameters requested are different than current active one (requested -> active):
  custom:framework-win-MediaFoundation: 216162199b28c13a410421893ffa2e32 -> 
  custom:video-decoder-ogg-theora: a1e56fd34408186e4bbccfd4996cb3dc -> 
  custom:container-muxer-webm: aa71ff27fc2769a1b78a27578f13a17b -> 
  custom:container-demuxer-webm: 4f35f7cbe854078d1ac9338744f61a02 -> 
  custom:container-demuxer-ogg: 62fdf1f143b41e24485cea50d1cbac27 -> 
  custom:video-encoder-webm-vp8: eb34c28f22e8b96e1ab97ce403110664 -> 
  custom:video-decoder-webm-vp8: 9c59270c3fd7afecdb556c50c9e8de78 -> 
  custom:graphics/normal-map-encoding: 01000000000000000000000000000000 -> 02000000000000000000000000000000
  custom:audio-decoder-ogg-vorbis: bf7c407c2cedff20999df2af8eb42d56 -> 
  custom:audio-encoder-webm-vorbis: bf7c407c2cedff20999df2af8eb42d56 -> 
========================================================================
Received Import Request.
  Time since last request: 350.113602 seconds.
  path: Assets/Low Poly Tanks Pack/Prefabs/BT-5.prefab
  artifactKey: Guid(fd7e02dd931d4b042b085fca781ff13a) Importer(815301076,1909f56bfc062723c751e8b465ee728b)
Start importing Assets/Low Poly Tanks Pack/Prefabs/BT-5.prefab using Guid(fd7e02dd931d4b042b085fca781ff13a) Importer(815301076,1909f56bfc062723c751e8b465ee728b)  -> (artifact id: 'e81209c0bfdd18f6901720927098c8cf') in 0.855781 seconds 
  Import took 0.860928 seconds .

========================================================================
Received Import Request.
  Time since last request: 0.000150 seconds.
  path: Assets/Low Poly Tanks Pack/Prefabs/Sherman.prefab
  artifactKey: Guid(148824250c4122c41a3bc109b7f5d1a9) Importer(815301076,1909f56bfc062723c751e8b465ee728b)
Start importing Assets/Low Poly Tanks Pack/Prefabs/Sherman.prefab using Guid(148824250c4122c41a3bc109b7f5d1a9) Importer(815301076,1909f56bfc062723c751e8b465ee728b)  -> (artifact id: 'f253b85acf5876631876c305be1515c0') in 0.023386 seconds 
  Import took 0.028657 seconds .

========================================================================
Received Import Request.
  Time since last request: 0.000232 seconds.
  path: Assets/Low Poly Tanks Pack/Prefabs/KV-1.prefab
  artifactKey: Guid(fd3f92b9eded28a47865383c53c9d99d) Importer(815301076,1909f56bfc062723c751e8b465ee728b)
Start importing Assets/Low Poly Tanks Pack/Prefabs/KV-1.prefab using Guid(fd3f92b9eded28a47865383c53c9d99d) Importer(815301076,1909f56bfc062723c751e8b465ee728b)  -> (artifact id: '48f1e3c5ffe6dede8d7ff12b5d0a99b9') in 0.025618 seconds 
  Import took 0.030980 seconds .

========================================================================
Received Import Request.
  Time since last request: 0.000261 seconds.
  path: Assets/Low Poly Tanks Pack/Prefabs/Panther.prefab
  artifactKey: Guid(19469f62a1e196848af083c0ee47e430) Importer(815301076,1909f56bfc062723c751e8b465ee728b)
Start importing Assets/Low Poly Tanks Pack/Prefabs/Panther.prefab using Guid(19469f62a1e196848af083c0ee47e430) Importer(815301076,1909f56bfc062723c751e8b465ee728b)  -> (artifact id: '0ff8d6c575a7c8b00cb0fa22aac5c829') in 0.023050 seconds 
  Import took 0.028133 seconds .

========================================================================
Received Import Request.
  Time since last request: 0.000244 seconds.
  path: Assets/Low Poly Tanks Pack/Prefabs/PzKpfw IV.prefab
  artifactKey: Guid(d4e5c2458f038274f991ae4336d0b2b7) Importer(815301076,1909f56bfc062723c751e8b465ee728b)
Start importing Assets/Low Poly Tanks Pack/Prefabs/PzKpfw IV.prefab using Guid(d4e5c2458f038274f991ae4336d0b2b7) Importer(815301076,1909f56bfc062723c751e8b465ee728b)  -> (artifact id: 'a0e2fe1a05b30a31a7bdc78f51e30f5f') in 0.026026 seconds 
  Import took 0.030705 seconds .

========================================================================
Received Import Request.
  Time since last request: 0.000200 seconds.
  path: Assets/Low Poly Tanks Pack/Prefabs/T34-85.prefab
  artifactKey: Guid(f72fae393c905134bacc461417153feb) Importer(815301076,1909f56bfc062723c751e8b465ee728b)
Start importing Assets/Low Poly Tanks Pack/Prefabs/T34-85.prefab using Guid(f72fae393c905134bacc461417153feb) Importer(815301076,1909f56bfc062723c751e8b465ee728b)  -> (artifact id: '3f79a329fc7989f1db8f89203c893ae3') in 0.021392 seconds 
  Import took 0.026482 seconds .

========================================================================
Received Import Request.
  Time since last request: 0.000159 seconds.
  path: Assets/Low Poly Tanks Pack/Prefabs/小校-122.prefab
  artifactKey: Guid(a95d24569cf49ce40b0ca9ab13e2bd3b) Importer(815301076,1909f56bfc062723c751e8b465ee728b)
Start importing Assets/Low Poly Tanks Pack/Prefabs/小校-122.prefab using Guid(a95d24569cf49ce40b0ca9ab13e2bd3b) Importer(815301076,1909f56bfc062723c751e8b465ee728b)  -> (artifact id: '56135b8309ee5aa6a644db7d739dcc13') in 0.023909 seconds 
  Import took 0.029280 seconds .

========================================================================
Received Import Request.
  Time since last request: 0.000189 seconds.
  path: Assets/Low Poly Tanks Pack/Prefabs/Tiger.prefab
  artifactKey: Guid(187bb373dea9517449c560cb9c98202e) Importer(815301076,1909f56bfc062723c751e8b465ee728b)
Start importing Assets/Low Poly Tanks Pack/Prefabs/Tiger.prefab using Guid(187bb373dea9517449c560cb9c98202e) Importer(815301076,1909f56bfc062723c751e8b465ee728b)  -> (artifact id: '5a53b086c4952932f09739705531d1c2') in 0.016724 seconds 
  Import took 0.022106 seconds .

========================================================================
Received Import Request.
  Time since last request: 0.000192 seconds.
  path: Assets/Low Poly Tanks Pack/Prefabs/Maus.prefab
  artifactKey: Guid(a3b3694914f1d014a84c7aca27bbacac) Importer(815301076,1909f56bfc062723c751e8b465ee728b)
Start importing Assets/Low Poly Tanks Pack/Prefabs/Maus.prefab using Guid(a3b3694914f1d014a84c7aca27bbacac) Importer(815301076,1909f56bfc062723c751e8b465ee728b)  -> (artifact id: 'a9544ef82a5986215d7180e5d1d776f3') in 0.020576 seconds 
  Import took 0.025375 seconds .

========================================================================
Received Import Request.
  Time since last request: 0.000180 seconds.
  path: Assets/Low Poly Tanks Pack/Prefabs/StuG III.prefab
  artifactKey: Guid(d010bd867b5dd0644af85441c680f914) Importer(815301076,1909f56bfc062723c751e8b465ee728b)
Start importing Assets/Low Poly Tanks Pack/Prefabs/StuG III.prefab using Guid(d010bd867b5dd0644af85441c680f914) Importer(815301076,1909f56bfc062723c751e8b465ee728b)  -> (artifact id: '410e7a9d9b03a5830484e1832d2925db') in 0.025574 seconds 
  Import took 0.030312 seconds .

========================================================================
Received Prepare
Registering precompiled user dll's ...
Registered in 0.005082 seconds.
Begin MonoManager ReloadAssembly
Native extension for WindowsStandalone target not found
Refreshing native plugins compatible for Editor in 0.59 ms, found 2 plugins.
Preloading 0 native plugins for Editor in 0.00 ms.
Mono: successfully reloaded assembly
- Completed reload, in  1.183 seconds
Domain Reload Profiling:
	ReloadAssembly (1184ms)
		BeginReloadAssembly (134ms)
			ExecutionOrderSort (0ms)
			DisableScriptedObjects (6ms)
			BackupInstance (0ms)
			ReleaseScriptingObjects (0ms)
			CreateAndSetChildDomain (39ms)
		EndReloadAssembly (988ms)
			LoadAssemblies (103ms)
			RebuildTransferFunctionScriptingTraits (0ms)
			SetupTypeCache (390ms)
			ReleaseScriptCaches (1ms)
			RebuildScriptCaches (40ms)
			SetupLoadedEditorAssemblies (312ms)
				LogAssemblyErrors (0ms)
				InitializePlatformSupportModulesInManaged (3ms)
				SetLoadedEditorAssemblies (0ms)
				RefreshPlugins (1ms)
				BeforeProcessingInitializeOnLoad (104ms)
				ProcessInitializeOnLoadAttributes (189ms)
				ProcessInitializeOnLoadMethodAttributes (8ms)
				AfterProcessingInitializeOnLoad (7ms)
				EditorAssembliesLoaded (0ms)
			ExecutionOrderSort2 (0ms)
			AwakeInstancesAfterBackupRestoration (14ms)
Platform modules already initialized, skipping
Switching build target platform(19) subTarget(0) extendedPlatform(0) -> platform(13) subTarget(589824) extendedPlatform(0)
Refreshing native plugins compatible for Editor in 0.72 ms, found 2 plugins.
Preloading 0 native plugins for Editor in 0.00 ms.
Unloading 3117 Unused Serialized files (Serialized files now loaded: 0)
System memory in use before: 134.7 MB.
System memory in use after: 135.0 MB.

Unloading 17 unused Assets to reduce memory usage. Loaded Objects now: 3714.
Total: 3.106400 ms (FindLiveObjects: 0.240300 ms CreateObjectMapping: 0.143900 ms MarkObjects: 2.687800 ms  DeleteObjects: 0.033300 ms)

AssetImportParameters requested are different than current active one (requested -> active):
  custom:framework-win-MediaFoundation: 216162199b28c13a410421893ffa2e32 -> 
  custom:video-decoder-ogg-theora: a1e56fd34408186e4bbccfd4996cb3dc -> 
  custom:container-muxer-webm: aa71ff27fc2769a1b78a27578f13a17b -> 
  custom:container-demuxer-webm: 4f35f7cbe854078d1ac9338744f61a02 -> 
  custom:container-demuxer-ogg: 62fdf1f143b41e24485cea50d1cbac27 -> 
  custom:video-encoder-webm-vp8: eb34c28f22e8b96e1ab97ce403110664 -> 
  custom:video-decoder-webm-vp8: 9c59270c3fd7afecdb556c50c9e8de78 -> 
  custom:graphics/normal-map-encoding: 01000000000000000000000000000000 -> 02000000000000000000000000000000
  custom:audio-decoder-ogg-vorbis: bf7c407c2cedff20999df2af8eb42d56 -> 
  custom:audio-encoder-webm-vorbis: bf7c407c2cedff20999df2af8eb42d56 -> 
========================================================================
Received Import Request.
  Time since last request: 60.450003 seconds.
  path: Assets/prefabs/KV-1.prefab
  artifactKey: Guid(299273b0f2d530442b66e4da05a74c4c) Importer(815301076,1909f56bfc062723c751e8b465ee728b)
Start importing Assets/prefabs/KV-1.prefab using Guid(299273b0f2d530442b66e4da05a74c4c) Importer(815301076,1909f56bfc062723c751e8b465ee728b)  -> (artifact id: '36cc78b76a02e37904c702b670c50444') in 0.150844 seconds 
  Import took 0.155602 seconds .

========================================================================
Received Import Request.
  Time since last request: 16.525145 seconds.
  path: Assets/prefabs/Sherman.prefab
  artifactKey: Guid(b56eb1a6b787cb844b3816b392ad1968) Importer(815301076,1909f56bfc062723c751e8b465ee728b)
Start importing Assets/prefabs/Sherman.prefab using Guid(b56eb1a6b787cb844b3816b392ad1968) Importer(815301076,1909f56bfc062723c751e8b465ee728b)  -> (artifact id: '5c03781f03ddd98e05c4eb10fa804da0') in 0.015824 seconds 
  Import took 0.020878 seconds .

========================================================================
Received Import Request.
  Time since last request: 14.555074 seconds.
  path: Assets/prefabs/T34-85.prefab
  artifactKey: Guid(e4d5e105ef0e1f44da83c6e984e9a017) Importer(815301076,1909f56bfc062723c751e8b465ee728b)
Start importing Assets/prefabs/T34-85.prefab using Guid(e4d5e105ef0e1f44da83c6e984e9a017) Importer(815301076,1909f56bfc062723c751e8b465ee728b)  -> (artifact id: '441d57389d9384bf5340e3f6a2bf4f35') in 0.016943 seconds 
  Import took 0.022136 seconds .

========================================================================
Received Import Request.
  Time since last request: 5.314444 seconds.
  path: Assets/prefabs/T34-85.prefab
  artifactKey: Guid(e4d5e105ef0e1f44da83c6e984e9a017) Importer(815301076,1909f56bfc062723c751e8b465ee728b)
Start importing Assets/prefabs/T34-85.prefab using Guid(e4d5e105ef0e1f44da83c6e984e9a017) Importer(815301076,1909f56bfc062723c751e8b465ee728b)  -> (artifact id: '857218d2e1ce4b88b4721ddf4625eaff') in 0.013308 seconds 
  Import took 0.018788 seconds .

========================================================================
Received Import Request.
  Time since last request: 0.578060 seconds.
  path: Assets/prefabs/T34-85.prefab
  artifactKey: Guid(e4d5e105ef0e1f44da83c6e984e9a017) Importer(815301076,1909f56bfc062723c751e8b465ee728b)
Start importing Assets/prefabs/T34-85.prefab using Guid(e4d5e105ef0e1f44da83c6e984e9a017) Importer(815301076,1909f56bfc062723c751e8b465ee728b)  -> (artifact id: '7c5abeaa485d7de1b81f0d5189604e5f') in 0.011987 seconds 
  Import took 0.016994 seconds .

========================================================================
Received Import Request.
  Time since last request: 0.680370 seconds.
  path: Assets/prefabs/T34-85.prefab
  artifactKey: Guid(e4d5e105ef0e1f44da83c6e984e9a017) Importer(815301076,1909f56bfc062723c751e8b465ee728b)
Start importing Assets/prefabs/T34-85.prefab using Guid(e4d5e105ef0e1f44da83c6e984e9a017) Importer(815301076,1909f56bfc062723c751e8b465ee728b)  -> (artifact id: '2332f1b743e564f96a41af2ec453fd6a') in 0.011439 seconds 
  Import took 0.017104 seconds .

========================================================================
Received Import Request.
  Time since last request: 4.185104 seconds.
  path: Assets/prefabs/Sherman.prefab
  artifactKey: Guid(b56eb1a6b787cb844b3816b392ad1968) Importer(815301076,1909f56bfc062723c751e8b465ee728b)
Start importing Assets/prefabs/Sherman.prefab using Guid(b56eb1a6b787cb844b3816b392ad1968) Importer(815301076,1909f56bfc062723c751e8b465ee728b)  -> (artifact id: '8942325689f86db629960421419f4bc2') in 0.015202 seconds 
  Import took 0.020332 seconds .

========================================================================
Received Import Request.
  Time since last request: 0.787036 seconds.
  path: Assets/prefabs/Sherman.prefab
  artifactKey: Guid(b56eb1a6b787cb844b3816b392ad1968) Importer(815301076,1909f56bfc062723c751e8b465ee728b)
Start importing Assets/prefabs/Sherman.prefab using Guid(b56eb1a6b787cb844b3816b392ad1968) Importer(815301076,1909f56bfc062723c751e8b465ee728b)  -> (artifact id: 'd1cd97ef5cb29056cf40204ded8ba22d') in 0.012349 seconds 
  Import took 0.017541 seconds .

========================================================================
Received Import Request.
  Time since last request: 0.978465 seconds.
  path: Assets/prefabs/Sherman.prefab
  artifactKey: Guid(b56eb1a6b787cb844b3816b392ad1968) Importer(815301076,1909f56bfc062723c751e8b465ee728b)
Start importing Assets/prefabs/Sherman.prefab using Guid(b56eb1a6b787cb844b3816b392ad1968) Importer(815301076,1909f56bfc062723c751e8b465ee728b)  -> (artifact id: '14c7e45000a97e30a566abdb2ee65920') in 0.011599 seconds 
  Import took 0.017521 seconds .

========================================================================
Received Import Request.
  Time since last request: 1.459718 seconds.
  path: Assets/prefabs/KV-1.prefab
  artifactKey: Guid(299273b0f2d530442b66e4da05a74c4c) Importer(815301076,1909f56bfc062723c751e8b465ee728b)
Start importing Assets/prefabs/KV-1.prefab using Guid(299273b0f2d530442b66e4da05a74c4c) Importer(815301076,1909f56bfc062723c751e8b465ee728b)  -> (artifact id: '51c21a36576e7dda07ae7e8d4dda81bb') in 0.018503 seconds 
  Import took 0.024095 seconds .

========================================================================
Received Import Request.
  Time since last request: 1.108237 seconds.
  path: Assets/prefabs/KV-1.prefab
  artifactKey: Guid(299273b0f2d530442b66e4da05a74c4c) Importer(815301076,1909f56bfc062723c751e8b465ee728b)
Start importing Assets/prefabs/KV-1.prefab using Guid(299273b0f2d530442b66e4da05a74c4c) Importer(815301076,1909f56bfc062723c751e8b465ee728b)  -> (artifact id: 'fe233bfda596968600fc1b72026cfed6') in 0.011314 seconds 
  Import took 0.016521 seconds .

========================================================================
Received Prepare
Registering precompiled user dll's ...
Registered in 0.005587 seconds.
Begin MonoManager ReloadAssembly
Native extension for WindowsStandalone target not found
Refreshing native plugins compatible for Editor in 0.58 ms, found 2 plugins.
Preloading 0 native plugins for Editor in 0.00 ms.
Mono: successfully reloaded assembly
- Completed reload, in  1.214 seconds
Domain Reload Profiling:
	ReloadAssembly (1214ms)
		BeginReloadAssembly (125ms)
			ExecutionOrderSort (0ms)
			DisableScriptedObjects (7ms)
			BackupInstance (0ms)
			ReleaseScriptingObjects (0ms)
			CreateAndSetChildDomain (37ms)
		EndReloadAssembly (1026ms)
			LoadAssemblies (110ms)
			RebuildTransferFunctionScriptingTraits (0ms)
			SetupTypeCache (409ms)
			ReleaseScriptCaches (1ms)
			RebuildScriptCaches (44ms)
			SetupLoadedEditorAssemblies (315ms)
				LogAssemblyErrors (0ms)
				InitializePlatformSupportModulesInManaged (3ms)
				SetLoadedEditorAssemblies (0ms)
				RefreshPlugins (1ms)
				BeforeProcessingInitializeOnLoad (104ms)
				ProcessInitializeOnLoadAttributes (191ms)
				ProcessInitializeOnLoadMethodAttributes (8ms)
				AfterProcessingInitializeOnLoad (6ms)
				EditorAssembliesLoaded (0ms)
			ExecutionOrderSort2 (0ms)
			AwakeInstancesAfterBackupRestoration (15ms)
Platform modules already initialized, skipping
Switching build target platform(19) subTarget(0) extendedPlatform(0) -> platform(13) subTarget(589824) extendedPlatform(0)
Refreshing native plugins compatible for Editor in 0.63 ms, found 2 plugins.
Preloading 0 native plugins for Editor in 0.00 ms.
Unloading 3117 Unused Serialized files (Serialized files now loaded: 0)
System memory in use before: 135.5 MB.
System memory in use after: 135.7 MB.

Unloading 17 unused Assets to reduce memory usage. Loaded Objects now: 3753.
Total: 3.034200 ms (FindLiveObjects: 0.241300 ms CreateObjectMapping: 0.143300 ms MarkObjects: 2.611100 ms  DeleteObjects: 0.037500 ms)

AssetImportParameters requested are different than current active one (requested -> active):
  custom:framework-win-MediaFoundation: 216162199b28c13a410421893ffa2e32 -> 
  custom:video-decoder-ogg-theora: a1e56fd34408186e4bbccfd4996cb3dc -> 
  custom:container-muxer-webm: aa71ff27fc2769a1b78a27578f13a17b -> 
  custom:container-demuxer-webm: 4f35f7cbe854078d1ac9338744f61a02 -> 
  custom:container-demuxer-ogg: 62fdf1f143b41e24485cea50d1cbac27 -> 
  custom:video-encoder-webm-vp8: eb34c28f22e8b96e1ab97ce403110664 -> 
  custom:video-decoder-webm-vp8: 9c59270c3fd7afecdb556c50c9e8de78 -> 
  custom:graphics/normal-map-encoding: 01000000000000000000000000000000 -> 02000000000000000000000000000000
  custom:audio-decoder-ogg-vorbis: bf7c407c2cedff20999df2af8eb42d56 -> 
  custom:audio-encoder-webm-vorbis: bf7c407c2cedff20999df2af8eb42d56 -> 
========================================================================
Received Prepare
Refreshing native plugins compatible for Editor in 6.03 ms, found 2 plugins.
Preloading 0 native plugins for Editor in 0.00 ms.
Unloading 14 Unused Serialized files (Serialized files now loaded: 0)
System memory in use before: 75.4 MB.
System memory in use after: 75.7 MB.

Unloading 13 unused Assets to reduce memory usage. Loaded Objects now: 3754.
Total: 5.312300 ms (FindLiveObjects: 0.276100 ms CreateObjectMapping: 0.235500 ms MarkObjects: 4.780700 ms  DeleteObjects: 0.018700 ms)

AssetImportParameters requested are different than current active one (requested -> active):
  custom:framework-win-MediaFoundation: 216162199b28c13a410421893ffa2e32 -> 
  custom:video-decoder-ogg-theora: a1e56fd34408186e4bbccfd4996cb3dc -> 
  custom:container-muxer-webm: aa71ff27fc2769a1b78a27578f13a17b -> 
  custom:container-demuxer-webm: 4f35f7cbe854078d1ac9338744f61a02 -> 
  custom:container-demuxer-ogg: 62fdf1f143b41e24485cea50d1cbac27 -> 
  custom:video-encoder-webm-vp8: eb34c28f22e8b96e1ab97ce403110664 -> 
  custom:video-decoder-webm-vp8: 9c59270c3fd7afecdb556c50c9e8de78 -> 
  custom:audio-decoder-ogg-vorbis: bf7c407c2cedff20999df2af8eb42d56 -> 
  custom:audio-encoder-webm-vorbis: bf7c407c2cedff20999df2af8eb42d56 -> 
========================================================================
Received Prepare
Refreshing native plugins compatible for Editor in 13.20 ms, found 2 plugins.
Preloading 0 native plugins for Editor in 0.00 ms.
Unloading 13 Unused Serialized files (Serialized files now loaded: 0)
System memory in use before: 75.3 MB.
System memory in use after: 75.6 MB.

Unloading 13 unused Assets to reduce memory usage. Loaded Objects now: 3754.
Total: 26.902000 ms (FindLiveObjects: 1.251900 ms CreateObjectMapping: 0.410400 ms MarkObjects: 25.210500 ms  DeleteObjects: 0.027200 ms)

AssetImportParameters requested are different than current active one (requested -> active):
  custom:framework-win-MediaFoundation: 216162199b28c13a410421893ffa2e32 -> 
  custom:video-decoder-ogg-theora: a1e56fd34408186e4bbccfd4996cb3dc -> 
  custom:container-muxer-webm: aa71ff27fc2769a1b78a27578f13a17b -> 
  custom:container-demuxer-webm: 4f35f7cbe854078d1ac9338744f61a02 -> 
  custom:container-demuxer-ogg: 62fdf1f143b41e24485cea50d1cbac27 -> 
  custom:video-encoder-webm-vp8: eb34c28f22e8b96e1ab97ce403110664 -> 
  custom:video-decoder-webm-vp8: 9c59270c3fd7afecdb556c50c9e8de78 -> 
  custom:audio-decoder-ogg-vorbis: bf7c407c2cedff20999df2af8eb42d56 -> 
  custom:audio-encoder-webm-vorbis: bf7c407c2cedff20999df2af8eb42d56 -> 
========================================================================
Received Import Request.
  Time since last request: 24115.536199 seconds.
  path: Assets/plandetection
  artifactKey: Guid(d2750c1a4fc89d94abd769dbac4d335a) Importer(815301076,1909f56bfc062723c751e8b465ee728b)
Start importing Assets/plandetection using Guid(d2750c1a4fc89d94abd769dbac4d335a) Importer(815301076,1909f56bfc062723c751e8b465ee728b)  -> (artifact id: 'deb1cfcee153e6d1cbe3173b6be9fcb5') in 0.035586 seconds 
  Import took 0.085500 seconds .

========================================================================
Received Import Request.
  Time since last request: 26.186096 seconds.
  path: Assets/plandetection/AR Default Plane.prefab
  artifactKey: Guid(50ee5c89db8f1394db4c2ce512403c57) Importer(815301076,1909f56bfc062723c751e8b465ee728b)
Start importing Assets/plandetection/AR Default Plane.prefab using Guid(50ee5c89db8f1394db4c2ce512403c57) Importer(815301076,1909f56bfc062723c751e8b465ee728b)  -> (artifact id: '68af53fb5be2a98f9f408f36498a450f') in 0.315037 seconds 
  Import took 0.321018 seconds .

========================================================================
Received Prepare
Refreshing native plugins compatible for Editor in 4.10 ms, found 2 plugins.
Preloading 0 native plugins for Editor in 0.00 ms.
Unloading 13 Unused Serialized files (Serialized files now loaded: 0)
System memory in use before: 75.6 MB.
System memory in use after: 75.8 MB.

Unloading 13 unused Assets to reduce memory usage. Loaded Objects now: 3817.
Total: 7.253800 ms (FindLiveObjects: 0.255100 ms CreateObjectMapping: 0.351900 ms MarkObjects: 6.624900 ms  DeleteObjects: 0.020800 ms)

AssetImportParameters requested are different than current active one (requested -> active):
  custom:framework-win-MediaFoundation: 216162199b28c13a410421893ffa2e32 -> 
  custom:video-decoder-ogg-theora: a1e56fd34408186e4bbccfd4996cb3dc -> 
  custom:container-muxer-webm: aa71ff27fc2769a1b78a27578f13a17b -> 
  custom:container-demuxer-webm: 4f35f7cbe854078d1ac9338744f61a02 -> 
  custom:container-demuxer-ogg: 62fdf1f143b41e24485cea50d1cbac27 -> 
  custom:video-encoder-webm-vp8: eb34c28f22e8b96e1ab97ce403110664 -> 
  custom:video-decoder-webm-vp8: 9c59270c3fd7afecdb556c50c9e8de78 -> 
  custom:audio-decoder-ogg-vorbis: bf7c407c2cedff20999df2af8eb42d56 -> 
  custom:audio-encoder-webm-vorbis: bf7c407c2cedff20999df2af8eb42d56 -> 
========================================================================
Received Import Request.
  Time since last request: 11008.039805 seconds.
  path: Assets/workshop3packages
  artifactKey: Guid(32ddc4246eb767440bc68724122c12b2) Importer(815301076,1909f56bfc062723c751e8b465ee728b)
Start importing Assets/workshop3packages using Guid(32ddc4246eb767440bc68724122c12b2) Importer(815301076,1909f56bfc062723c751e8b465ee728b)  -> (artifact id: '51f1735b530cd818a425f0352bcd5750') in 0.007356 seconds 
  Import took 0.020965 seconds .

========================================================================
Received Prepare
Registering precompiled user dll's ...
Registered in 0.005432 seconds.
Begin MonoManager ReloadAssembly
Native extension for WindowsStandalone target not found
Refreshing native plugins compatible for Editor in 0.60 ms, found 2 plugins.
Preloading 0 native plugins for Editor in 0.00 ms.
Mono: successfully reloaded assembly
- Completed reload, in  1.257 seconds
Domain Reload Profiling:
	ReloadAssembly (1258ms)
		BeginReloadAssembly (206ms)
			ExecutionOrderSort (0ms)
			DisableScriptedObjects (10ms)
			BackupInstance (0ms)
			ReleaseScriptingObjects (0ms)
			CreateAndSetChildDomain (99ms)
		EndReloadAssembly (990ms)
			LoadAssemblies (120ms)
			RebuildTransferFunctionScriptingTraits (0ms)
			SetupTypeCache (322ms)
			ReleaseScriptCaches (1ms)
			RebuildScriptCaches (40ms)
			SetupLoadedEditorAssemblies (320ms)
				LogAssemblyErrors (0ms)
				InitializePlatformSupportModulesInManaged (4ms)
				SetLoadedEditorAssemblies (0ms)
				RefreshPlugins (1ms)
				BeforeProcessingInitializeOnLoad (105ms)
				ProcessInitializeOnLoadAttributes (195ms)
				ProcessInitializeOnLoadMethodAttributes (8ms)
				AfterProcessingInitializeOnLoad (7ms)
				EditorAssembliesLoaded (0ms)
			ExecutionOrderSort2 (0ms)
			AwakeInstancesAfterBackupRestoration (16ms)
Platform modules already initialized, skipping
Switching build target platform(19) subTarget(0) extendedPlatform(0) -> platform(13) subTarget(589824) extendedPlatform(0)
Refreshing native plugins compatible for Editor in 0.58 ms, found 2 plugins.
Preloading 0 native plugins for Editor in 0.00 ms.
Unloading 3117 Unused Serialized files (Serialized files now loaded: 0)
System memory in use before: 135.4 MB.
System memory in use after: 135.6 MB.

Unloading 16 unused Assets to reduce memory usage. Loaded Objects now: 3794.
Total: 3.706300 ms (FindLiveObjects: 0.293500 ms CreateObjectMapping: 0.211500 ms MarkObjects: 3.173900 ms  DeleteObjects: 0.026100 ms)

AssetImportParameters requested are different than current active one (requested -> active):
  custom:framework-win-MediaFoundation: 216162199b28c13a410421893ffa2e32 -> 
  custom:video-decoder-ogg-theora: a1e56fd34408186e4bbccfd4996cb3dc -> 
  custom:container-muxer-webm: aa71ff27fc2769a1b78a27578f13a17b -> 
  custom:container-demuxer-webm: 4f35f7cbe854078d1ac9338744f61a02 -> 
  custom:container-demuxer-ogg: 62fdf1f143b41e24485cea50d1cbac27 -> 
  custom:video-encoder-webm-vp8: eb34c28f22e8b96e1ab97ce403110664 -> 
  custom:video-decoder-webm-vp8: 9c59270c3fd7afecdb556c50c9e8de78 -> 
  custom:graphics/normal-map-encoding: 01000000000000000000000000000000 -> 02000000000000000000000000000000
  custom:audio-decoder-ogg-vorbis: bf7c407c2cedff20999df2af8eb42d56 -> 
  custom:audio-encoder-webm-vorbis: bf7c407c2cedff20999df2af8eb42d56 -> 
========================================================================
Received Import Request.
  Time since last request: 129.063511 seconds.
  path: Assets/workshop3packages/featheredplane.unitypackage
  artifactKey: Guid(015c7f706a6bf97438a50bed71bffab8) Importer(815301076,1909f56bfc062723c751e8b465ee728b)
Start importing Assets/workshop3packages/featheredplane.unitypackage using Guid(015c7f706a6bf97438a50bed71bffab8) Importer(815301076,1909f56bfc062723c751e8b465ee728b)  -> (artifact id: 'aa01aca5adad508124c764a1a5e7930d') in 0.047046 seconds 
  Import took 0.052148 seconds .

========================================================================
Received Import Request.
  Time since last request: 21.189762 seconds.
  path: Assets/trackedimages/ReferenceImageLibrary.asset
  artifactKey: Guid(7d0488ffb6578134fbf83714f234e09a) Importer(815301076,1909f56bfc062723c751e8b465ee728b)
Start importing Assets/trackedimages/ReferenceImageLibrary.asset using Guid(7d0488ffb6578134fbf83714f234e09a) Importer(815301076,1909f56bfc062723c751e8b465ee728b)  -> (artifact id: '84a5e7b023b162b06c7cf17e534c38e4') in 0.023977 seconds 
  Import took 0.029647 seconds .

========================================================================
Received Import Request.
  Time since last request: 12.748200 seconds.
  path: Assets/Low Poly Tanks Pack/Materials/BT-5/BT-5.mat
  artifactKey: Guid(2eaf25b2ce7597242be21bf1493713a3) Importer(815301076,1909f56bfc062723c751e8b465ee728b)
Start importing Assets/Low Poly Tanks Pack/Materials/BT-5/BT-5.mat using Guid(2eaf25b2ce7597242be21bf1493713a3) Importer(815301076,1909f56bfc062723c751e8b465ee728b)  -> (artifact id: '732b07840d03fe3d75c1a57c18e85222') in 0.187266 seconds 
  Import took 0.193501 seconds .

========================================================================
Received Import Request.
  Time since last request: 0.000205 seconds.
  path: Packages/com.unity.searcher/Editor/Resources/FlatSkin/Font/Roboto-MediumItalic.ttf
  artifactKey: Guid(d93c1bc57fdf1ac4dad1bf04fac05464) Importer(815301076,1909f56bfc062723c751e8b465ee728b)
Start importing Packages/com.unity.searcher/Editor/Resources/FlatSkin/Font/Roboto-MediumItalic.ttf using Guid(d93c1bc57fdf1ac4dad1bf04fac05464) Importer(815301076,1909f56bfc062723c751e8b465ee728b)  -> (artifact id: '0e942aec78a76414ee1e6e2611c755c2') in 0.066580 seconds 
  Import took 0.072554 seconds .

========================================================================
Received Import Request.
  Time since last request: 0.000169 seconds.
  path: Packages/com.unity.xr.arfoundation/Materials/DebugPlane.mat
  artifactKey: Guid(f1a110d32af21aa4d872c707dfcc6043) Importer(815301076,1909f56bfc062723c751e8b465ee728b)
Start importing Packages/com.unity.xr.arfoundation/Materials/DebugPlane.mat using Guid(f1a110d32af21aa4d872c707dfcc6043) Importer(815301076,1909f56bfc062723c751e8b465ee728b)  -> (artifact id: '4e9dc193560906426d3077a4db8a5699') in 0.078501 seconds 
  Import took 0.084443 seconds .

========================================================================
Received Import Request.
  Time since last request: 0.000206 seconds.
  path: Packages/com.unity.searcher/Editor/Resources/FlatSkin/Font/Roboto-Italic.ttf
  artifactKey: Guid(c839255fc8f6b4b4d90bf8c1af9f9bd1) Importer(815301076,1909f56bfc062723c751e8b465ee728b)
Start importing Packages/com.unity.searcher/Editor/Resources/FlatSkin/Font/Roboto-Italic.ttf using Guid(c839255fc8f6b4b4d90bf8c1af9f9bd1) Importer(815301076,1909f56bfc062723c751e8b465ee728b)  -> (artifact id: '2d1ef56aba2fd91f0793d0cb307e3e56') in 0.022818 seconds 
  Import took 0.028808 seconds .

========================================================================
Received Import Request.
  Time since last request: 0.000252 seconds.
  path: Packages/com.unity.searcher/Editor/Resources/FlatSkin/Font/Roboto-Regular.ttf
  artifactKey: Guid(30dc370b164eefc43b95744fc796dad0) Importer(815301076,1909f56bfc062723c751e8b465ee728b)
Start importing Packages/com.unity.searcher/Editor/Resources/FlatSkin/Font/Roboto-Regular.ttf using Guid(30dc370b164eefc43b95744fc796dad0) Importer(815301076,1909f56bfc062723c751e8b465ee728b)  -> (artifact id: '49078fdf251deafe3074dddb64f33c65') in 0.022354 seconds 
  Import took 0.028444 seconds .

========================================================================
Received Import Request.
  Time since last request: 0.000208 seconds.
  path: Packages/com.unity.xr.arfoundation/Materials/DebugFace.mat
  artifactKey: Guid(35bd980c8f2234e3d8b640e25a677d65) Importer(815301076,1909f56bfc062723c751e8b465ee728b)
Start importing Packages/com.unity.xr.arfoundation/Materials/DebugFace.mat using Guid(35bd980c8f2234e3d8b640e25a677d65) Importer(815301076,1909f56bfc062723c751e8b465ee728b)  -> (artifact id: '7cb853ae67164789efaf4f5e6968ecf7') in 0.045182 seconds 
  Import took 0.051601 seconds .

========================================================================
Received Import Request.
  Time since last request: 0.000219 seconds.
  path: Assets/Low Poly Tanks Pack/Materials/Caterpillar.mat
  artifactKey: Guid(4ad96c6b139aaa34196e40a34a53a7b0) Importer(815301076,1909f56bfc062723c751e8b465ee728b)
Start importing Assets/Low Poly Tanks Pack/Materials/Caterpillar.mat using Guid(4ad96c6b139aaa34196e40a34a53a7b0) Importer(815301076,1909f56bfc062723c751e8b465ee728b)  -> (artifact id: 'b5c079b73f2d257ac5e194a1424c9e89') in 0.018762 seconds 
  Import took 0.024799 seconds .

========================================================================
Received Import Request.
  Time since last request: 0.000220 seconds.
  path: Packages/com.unity.searcher/Editor/Resources/FlatSkin/Font/Roboto-Medium.ttf
  artifactKey: Guid(a51a3aebb43ac044989270407476b208) Importer(815301076,1909f56bfc062723c751e8b465ee728b)
Start importing Packages/com.unity.searcher/Editor/Resources/FlatSkin/Font/Roboto-Medium.ttf using Guid(a51a3aebb43ac044989270407476b208) Importer(815301076,1909f56bfc062723c751e8b465ee728b)  -> (artifact id: 'fe53428d42eb19fadb81771c44b1060f') in 0.022360 seconds 
  Import took 0.028058 seconds .

========================================================================
Received Import Request.
  Time since last request: 0.000208 seconds.
  path: Packages/com.unity.searcher/Editor/Resources/FlatSkin/Font/Roboto-LightItalic.ttf
  artifactKey: Guid(5e63515167650a541b309ba3bfd4db3d) Importer(815301076,1909f56bfc062723c751e8b465ee728b)
Start importing Packages/com.unity.searcher/Editor/Resources/FlatSkin/Font/Roboto-LightItalic.ttf using Guid(5e63515167650a541b309ba3bfd4db3d) Importer(815301076,1909f56bfc062723c751e8b465ee728b)  -> (artifact id: '978d1b16fe612be147b4bf6cbf643774') in 0.022082 seconds 
  Import took 0.027632 seconds .

========================================================================
Received Import Request.
  Time since last request: 26.242231 seconds.
  path: Assets/feather/PlaneMat.mat
  artifactKey: Guid(6c0ab268490e28f4aa0eea21bbecb611) Importer(815301076,1909f56bfc062723c751e8b465ee728b)
Start importing Assets/feather/PlaneMat.mat using Guid(6c0ab268490e28f4aa0eea21bbecb611) Importer(815301076,1909f56bfc062723c751e8b465ee728b)  -> (artifact id: 'af6e42b58fe42db85b8c61f1dfdc1452') in 0.047376 seconds 
  Import took 0.054039 seconds .

========================================================================
Received Import Request.
  Time since last request: 0.000283 seconds.
  path: Assets/feather/PlanePatternDot.png
  artifactKey: Guid(a62e12588e79b6f4baa0b3e507b18dd2) Importer(815301076,1909f56bfc062723c751e8b465ee728b)
Start importing Assets/feather/PlanePatternDot.png using Guid(a62e12588e79b6f4baa0b3e507b18dd2) Importer(815301076,1909f56bfc062723c751e8b465ee728b)  -> (artifact id: '68a6373120a6e056e9c9e9b1e6963582') in 0.062970 seconds 
  Import took 0.067346 seconds .

========================================================================
Received Import Request.
  Time since last request: 9.575070 seconds.
  path: Assets/feather/FeatheredPlaneShader.shader
  artifactKey: Guid(154dea062f480484fb18756eb1c4c396) Importer(815301076,1909f56bfc062723c751e8b465ee728b)
Start importing Assets/feather/FeatheredPlaneShader.shader using Guid(154dea062f480484fb18756eb1c4c396) Importer(815301076,1909f56bfc062723c751e8b465ee728b)  -> (artifact id: '25e67384062e1c63fba7152b7a2bf50a') in 0.008358 seconds 
  Import took 0.014611 seconds .

========================================================================
Received Import Request.
  Time since last request: 25.494659 seconds.
  path: Assets/plandetection/AR Default Plane.prefab
  artifactKey: Guid(50ee5c89db8f1394db4c2ce512403c57) Importer(815301076,1909f56bfc062723c751e8b465ee728b)
Start importing Assets/plandetection/AR Default Plane.prefab using Guid(50ee5c89db8f1394db4c2ce512403c57) Importer(815301076,1909f56bfc062723c751e8b465ee728b)  -> (artifact id: 'e8022a675ecfab2a4cfeb266a7c2cc93') in 0.020817 seconds 
  Import took 0.026156 seconds .

========================================================================
Received Import Request.
  Time since last request: 31.317787 seconds.
  path: Assets/plandetection/AR Default Plane.prefab
  artifactKey: Guid(50ee5c89db8f1394db4c2ce512403c57) Importer(815301076,1909f56bfc062723c751e8b465ee728b)
Start importing Assets/plandetection/AR Default Plane.prefab using Guid(50ee5c89db8f1394db4c2ce512403c57) Importer(815301076,1909f56bfc062723c751e8b465ee728b)  -> (artifact id: '1fe82dc86b1a1bb2370d405f8ecb7d01') in 0.006251 seconds 
  Import took 0.012667 seconds .

========================================================================
Received Import Request.
  Time since last request: 20.132610 seconds.
  path: Assets/plandetection/AR Default Plane.prefab
  artifactKey: Guid(50ee5c89db8f1394db4c2ce512403c57) Importer(815301076,1909f56bfc062723c751e8b465ee728b)
Start importing Assets/plandetection/AR Default Plane.prefab using Guid(50ee5c89db8f1394db4c2ce512403c57) Importer(815301076,1909f56bfc062723c751e8b465ee728b)  -> (artifact id: '024c56bd6d6041bf2aebf6d556071cb5') in 0.005462 seconds 
  Import took 0.011248 seconds .

========================================================================
Received Import Request.
  Time since last request: 296.895327 seconds.
  path: ProjectSettings/TagManager.asset
  artifactKey: Guid(00000000000000003000000000000000) Importer(815301076,1909f56bfc062723c751e8b465ee728b)
Start importing ProjectSettings/TagManager.asset using Guid(00000000000000003000000000000000) Importer(815301076,1909f56bfc062723c751e8b465ee728b)  -> (artifact id: '7da5a14937bd4f31a490c31d54b2ddaf') in 0.007604 seconds 
  Import took 0.013414 seconds .

========================================================================
Received Import Request.
  Time since last request: 20.822847 seconds.
  path: Assets/prefabs/Tiger.prefab
  artifactKey: Guid(4d00cca3bd4f7be4fa9a324f4bdfc970) Importer(815301076,1909f56bfc062723c751e8b465ee728b)
Start importing Assets/prefabs/Tiger.prefab using Guid(4d00cca3bd4f7be4fa9a324f4bdfc970) Importer(815301076,1909f56bfc062723c751e8b465ee728b)  -> (artifact id: '0e6468d6a761186d6246fd19679c0d0b') in 0.032287 seconds 
  Import took 0.037691 seconds .

========================================================================
Received Prepare
Registering precompiled user dll's ...
Registered in 0.005563 seconds.
Begin MonoManager ReloadAssembly
Native extension for WindowsStandalone target not found
Refreshing native plugins compatible for Editor in 0.60 ms, found 2 plugins.
Preloading 0 native plugins for Editor in 0.00 ms.
Mono: successfully reloaded assembly
- Completed reload, in  1.221 seconds
Domain Reload Profiling:
	ReloadAssembly (1221ms)
		BeginReloadAssembly (125ms)
			ExecutionOrderSort (0ms)
			DisableScriptedObjects (6ms)
			BackupInstance (0ms)
			ReleaseScriptingObjects (0ms)
			CreateAndSetChildDomain (38ms)
		EndReloadAssembly (1035ms)
			LoadAssemblies (197ms)
			RebuildTransferFunctionScriptingTraits (0ms)
			SetupTypeCache (319ms)
			ReleaseScriptCaches (1ms)
			RebuildScriptCaches (40ms)
			SetupLoadedEditorAssemblies (319ms)
				LogAssemblyErrors (0ms)
				InitializePlatformSupportModulesInManaged (3ms)
				SetLoadedEditorAssemblies (0ms)
				RefreshPlugins (1ms)
				BeforeProcessingInitializeOnLoad (108ms)
				ProcessInitializeOnLoadAttributes (192ms)
				ProcessInitializeOnLoadMethodAttributes (8ms)
				AfterProcessingInitializeOnLoad (6ms)
				EditorAssembliesLoaded (0ms)
			ExecutionOrderSort2 (0ms)
			AwakeInstancesAfterBackupRestoration (15ms)
Platform modules already initialized, skipping
Switching build target platform(19) subTarget(0) extendedPlatform(0) -> platform(13) subTarget(589824) extendedPlatform(0)
Refreshing native plugins compatible for Editor in 0.59 ms, found 2 plugins.
Preloading 0 native plugins for Editor in 0.00 ms.
Unloading 3119 Unused Serialized files (Serialized files now loaded: 0)
System memory in use before: 136.8 MB.
System memory in use after: 137.0 MB.

Unloading 18 unused Assets to reduce memory usage. Loaded Objects now: 3873.
Total: 3.332500 ms (FindLiveObjects: 0.243800 ms CreateObjectMapping: 0.136500 ms MarkObjects: 2.910900 ms  DeleteObjects: 0.040400 ms)

AssetImportParameters requested are different than current active one (requested -> active):
  custom:framework-win-MediaFoundation: 216162199b28c13a410421893ffa2e32 -> 
  custom:video-decoder-ogg-theora: a1e56fd34408186e4bbccfd4996cb3dc -> 
  custom:container-muxer-webm: aa71ff27fc2769a1b78a27578f13a17b -> 
  custom:container-demuxer-webm: 4f35f7cbe854078d1ac9338744f61a02 -> 
  custom:container-demuxer-ogg: 62fdf1f143b41e24485cea50d1cbac27 -> 
  custom:video-encoder-webm-vp8: eb34c28f22e8b96e1ab97ce403110664 -> 
  custom:video-decoder-webm-vp8: 9c59270c3fd7afecdb556c50c9e8de78 -> 
  custom:graphics/normal-map-encoding: 01000000000000000000000000000000 -> 02000000000000000000000000000000
  custom:audio-decoder-ogg-vorbis: bf7c407c2cedff20999df2af8eb42d56 -> 
  custom:audio-encoder-webm-vorbis: bf7c407c2cedff20999df2af8eb42d56 -> 
========================================================================
Received Prepare
Registering precompiled user dll's ...
Registered in 0.005781 seconds.
Begin MonoManager ReloadAssembly
Native extension for WindowsStandalone target not found
Refreshing native plugins compatible for Editor in 0.59 ms, found 2 plugins.
Preloading 0 native plugins for Editor in 0.00 ms.
Mono: successfully reloaded assembly
- Completed reload, in  1.321 seconds
Domain Reload Profiling:
	ReloadAssembly (1322ms)
		BeginReloadAssembly (121ms)
			ExecutionOrderSort (0ms)
			DisableScriptedObjects (5ms)
			BackupInstance (0ms)
			ReleaseScriptingObjects (0ms)
			CreateAndSetChildDomain (37ms)
		EndReloadAssembly (1140ms)
			LoadAssemblies (109ms)
			RebuildTransferFunctionScriptingTraits (0ms)
			SetupTypeCache (312ms)
			ReleaseScriptCaches (1ms)
			RebuildScriptCaches (46ms)
			SetupLoadedEditorAssemblies (399ms)
				LogAssemblyErrors (0ms)
				InitializePlatformSupportModulesInManaged (4ms)
				SetLoadedEditorAssemblies (0ms)
				RefreshPlugins (1ms)
				BeforeProcessingInitializeOnLoad (147ms)
				ProcessInitializeOnLoadAttributes (229ms)
				ProcessInitializeOnLoadMethodAttributes (9ms)
				AfterProcessingInitializeOnLoad (9ms)
				EditorAssembliesLoaded (0ms)
			ExecutionOrderSort2 (0ms)
			AwakeInstancesAfterBackupRestoration (65ms)
Platform modules already initialized, skipping
Switching build target platform(19) subTarget(0) extendedPlatform(0) -> platform(13) subTarget(589824) extendedPlatform(0)
Refreshing native plugins compatible for Editor in 0.58 ms, found 2 plugins.
Preloading 0 native plugins for Editor in 0.00 ms.
Unloading 3119 Unused Serialized files (Serialized files now loaded: 0)
System memory in use before: 136.8 MB.
System memory in use after: 137.1 MB.

Unloading 17 unused Assets to reduce memory usage. Loaded Objects now: 3876.
Total: 3.795100 ms (FindLiveObjects: 0.379400 ms CreateObjectMapping: 0.302200 ms MarkObjects: 3.068400 ms  DeleteObjects: 0.043500 ms)

AssetImportParameters requested are different than current active one (requested -> active):
  custom:framework-win-MediaFoundation: 216162199b28c13a410421893ffa2e32 -> 
  custom:video-decoder-ogg-theora: a1e56fd34408186e4bbccfd4996cb3dc -> 
  custom:container-muxer-webm: aa71ff27fc2769a1b78a27578f13a17b -> 
  custom:container-demuxer-webm: 4f35f7cbe854078d1ac9338744f61a02 -> 
  custom:container-demuxer-ogg: 62fdf1f143b41e24485cea50d1cbac27 -> 
  custom:video-encoder-webm-vp8: eb34c28f22e8b96e1ab97ce403110664 -> 
  custom:video-decoder-webm-vp8: 9c59270c3fd7afecdb556c50c9e8de78 -> 
  custom:graphics/normal-map-encoding: 01000000000000000000000000000000 -> 02000000000000000000000000000000
  custom:audio-decoder-ogg-vorbis: bf7c407c2cedff20999df2af8eb42d56 -> 
  custom:audio-encoder-webm-vorbis: bf7c407c2cedff20999df2af8eb42d56 -> 
========================================================================
Received Prepare
Registering precompiled user dll's ...
Registered in 0.005380 seconds.
Begin MonoManager ReloadAssembly
Native extension for WindowsStandalone target not found
Refreshing native plugins compatible for Editor in 0.58 ms, found 2 plugins.
Preloading 0 native plugins for Editor in 0.00 ms.
Mono: successfully reloaded assembly
- Completed reload, in  1.303 seconds
Domain Reload Profiling:
	ReloadAssembly (1304ms)
		BeginReloadAssembly (113ms)
			ExecutionOrderSort (0ms)
			DisableScriptedObjects (5ms)
			BackupInstance (0ms)
			ReleaseScriptingObjects (0ms)
			CreateAndSetChildDomain (33ms)
		EndReloadAssembly (1132ms)
			LoadAssemblies (128ms)
			RebuildTransferFunctionScriptingTraits (0ms)
			SetupTypeCache (441ms)
			ReleaseScriptCaches (1ms)
			RebuildScriptCaches (43ms)
			SetupLoadedEditorAssemblies (319ms)
				LogAssemblyErrors (0ms)
				InitializePlatformSupportModulesInManaged (3ms)
				SetLoadedEditorAssemblies (0ms)
				RefreshPlugins (1ms)
				BeforeProcessingInitializeOnLoad (106ms)
				ProcessInitializeOnLoadAttributes (192ms)
				ProcessInitializeOnLoadMethodAttributes (9ms)
				AfterProcessingInitializeOnLoad (7ms)
				EditorAssembliesLoaded (0ms)
			ExecutionOrderSort2 (0ms)
			AwakeInstancesAfterBackupRestoration (23ms)
Platform modules already initialized, skipping
Switching build target platform(19) subTarget(0) extendedPlatform(0) -> platform(13) subTarget(589824) extendedPlatform(0)
Refreshing native plugins compatible for Editor in 0.60 ms, found 2 plugins.
Preloading 0 native plugins for Editor in 0.00 ms.
Unloading 3119 Unused Serialized files (Serialized files now loaded: 0)
System memory in use before: 136.8 MB.
System memory in use after: 137.1 MB.

Unloading 17 unused Assets to reduce memory usage. Loaded Objects now: 3879.
Total: 3.575700 ms (FindLiveObjects: 0.245400 ms CreateObjectMapping: 0.130900 ms MarkObjects: 3.157000 ms  DeleteObjects: 0.041200 ms)

AssetImportParameters requested are different than current active one (requested -> active):
  custom:framework-win-MediaFoundation: 216162199b28c13a410421893ffa2e32 -> 
  custom:video-decoder-ogg-theora: a1e56fd34408186e4bbccfd4996cb3dc -> 
  custom:container-muxer-webm: aa71ff27fc2769a1b78a27578f13a17b -> 
  custom:container-demuxer-webm: 4f35f7cbe854078d1ac9338744f61a02 -> 
  custom:container-demuxer-ogg: 62fdf1f143b41e24485cea50d1cbac27 -> 
  custom:video-encoder-webm-vp8: eb34c28f22e8b96e1ab97ce403110664 -> 
  custom:video-decoder-webm-vp8: 9c59270c3fd7afecdb556c50c9e8de78 -> 
  custom:graphics/normal-map-encoding: 01000000000000000000000000000000 -> 02000000000000000000000000000000
  custom:audio-decoder-ogg-vorbis: bf7c407c2cedff20999df2af8eb42d56 -> 
  custom:audio-encoder-webm-vorbis: bf7c407c2cedff20999df2af8eb42d56 -> 
