Using pre-set license
Built from '2020.3/release' branch; Version is '2020.3.27f1 (e759542391ea) revision 15161684'; Using compiler version '192528614'; Build Type 'Release'
OS: 'Windows 10  (10.0.19044) 64bit Professional' Language: 'en' Physical Memory: 16335 MB
BatchMode: 1, IsHumanControllingUs: 0, StartBugReporterOnCrash: 0, Is64bit: 1, IsPro: 0

COMMAND LINE ARGUMENTS:
C:\Program Files\Unity\Hub\Editor\2020.3.27f1\Editor\Unity.exe
-adb2
-batchMode
-noUpm
-name
AssetImportWorker0
-projectPath
C:/Users/kaoti/Desktop/Github/AR_Ass/ArTutorial
-logFile
Logs/AssetImportWorker0.log
-srvPort
57562
Successfully changed project path to: C:/Users/kaoti/Desktop/Github/AR_Ass/ArTutorial
C:/Users/kaoti/Desktop/Github/AR_Ass/ArTutorial
Using Asset Import Pipeline V2.
Refreshing native plugins compatible for Editor in 57.06 ms, found 2 plugins.
Preloading 0 native plugins for Editor in 0.00 ms.
Initialize engine version: 2020.3.27f1 (e759542391ea)
[Subsystems] Discovering subsystems at path C:/Program Files/Unity/Hub/Editor/2020.3.27f1/Editor/Data/Resources/UnitySubsystems
[Subsystems] Discovering subsystems at path C:/Users/kaoti/Desktop/Github/AR_Ass/ArTutorial/Assets
GfxDevice: creating device client; threaded=0
Direct3D:
    Version:  Direct3D 11.0 [level 11.1]
    Renderer: NVIDIA GeForce GTX 960 (ID=0x1401)
    Vendor:   
    VRAM:     2007 MB
    Driver:   26.21.14.3200
Initialize mono
Mono path[0] = 'C:/Program Files/Unity/Hub/Editor/2020.3.27f1/Editor/Data/Managed'
Mono path[1] = 'C:/Program Files/Unity/Hub/Editor/2020.3.27f1/Editor/Data/MonoBleedingEdge/lib/mono/unityjit'
Mono config path = 'C:/Program Files/Unity/Hub/Editor/2020.3.27f1/Editor/Data/MonoBleedingEdge/etc'
Using monoOptions --debugger-agent=transport=dt_socket,embedding=1,server=y,suspend=n,address=127.0.0.1:56716
Begin MonoManager ReloadAssembly
Registering precompiled unity dll's ...
Register platform support module: C:/Program Files/Unity/Hub/Editor/2020.3.27f1/Editor/Data/PlaybackEngines/WindowsStandaloneSupport/UnityEditor.WindowsStandalone.Extensions.dll
Registered in 0.002035 seconds.
Native extension for WindowsStandalone target not found
Refreshing native plugins compatible for Editor in 55.65 ms, found 2 plugins.
Preloading 0 native plugins for Editor in 0.00 ms.
Mono: successfully reloaded assembly
- Completed reload, in  0.583 seconds
Domain Reload Profiling:
	ReloadAssembly (584ms)
		BeginReloadAssembly (62ms)
			ExecutionOrderSort (0ms)
			DisableScriptedObjects (0ms)
			BackupInstance (0ms)
			ReleaseScriptingObjects (0ms)
			CreateAndSetChildDomain (1ms)
		EndReloadAssembly (453ms)
			LoadAssemblies (60ms)
			RebuildTransferFunctionScriptingTraits (0ms)
			SetupTypeCache (141ms)
			ReleaseScriptCaches (0ms)
			RebuildScriptCaches (31ms)
			SetupLoadedEditorAssemblies (179ms)
				LogAssemblyErrors (0ms)
				InitializePlatformSupportModulesInManaged (4ms)
				SetLoadedEditorAssemblies (0ms)
				RefreshPlugins (56ms)
				BeforeProcessingInitializeOnLoad (15ms)
				ProcessInitializeOnLoadAttributes (76ms)
				ProcessInitializeOnLoadMethodAttributes (27ms)
				AfterProcessingInitializeOnLoad (0ms)
				EditorAssembliesLoaded (0ms)
			ExecutionOrderSort2 (0ms)
			AwakeInstancesAfterBackupRestoration (0ms)
Platform modules already initialized, skipping
Registering precompiled user dll's ...
Registered in 0.005361 seconds.
Begin MonoManager ReloadAssembly
Native extension for WindowsStandalone target not found
Refreshing native plugins compatible for Editor in 55.01 ms, found 2 plugins.
Preloading 0 native plugins for Editor in 0.00 ms.
Mono: successfully reloaded assembly
- Completed reload, in  1.225 seconds
Domain Reload Profiling:
	ReloadAssembly (1226ms)
		BeginReloadAssembly (185ms)
			ExecutionOrderSort (0ms)
			DisableScriptedObjects (4ms)
			BackupInstance (0ms)
			ReleaseScriptingObjects (0ms)
			CreateAndSetChildDomain (23ms)
		EndReloadAssembly (959ms)
			LoadAssemblies (128ms)
			RebuildTransferFunctionScriptingTraits (0ms)
			SetupTypeCache (316ms)
			ReleaseScriptCaches (1ms)
			RebuildScriptCaches (52ms)
			SetupLoadedEditorAssemblies (371ms)
				LogAssemblyErrors (0ms)
				InitializePlatformSupportModulesInManaged (3ms)
				SetLoadedEditorAssemblies (0ms)
				RefreshPlugins (55ms)
				BeforeProcessingInitializeOnLoad (109ms)
				ProcessInitializeOnLoadAttributes (188ms)
				ProcessInitializeOnLoadMethodAttributes (9ms)
				AfterProcessingInitializeOnLoad (6ms)
				EditorAssembliesLoaded (0ms)
			ExecutionOrderSort2 (0ms)
			AwakeInstancesAfterBackupRestoration (6ms)
Platform modules already initialized, skipping
========================================================================
Worker process is ready to serve import requests
Launched and connected shader compiler UnityShaderCompiler.exe after 0.08 seconds
Refreshing native plugins compatible for Editor in 0.61 ms, found 2 plugins.
Preloading 0 native plugins for Editor in 0.00 ms.
Unloading 3229 Unused Serialized files (Serialized files now loaded: 0)
System memory in use before: 138.0 MB.
System memory in use after: 138.2 MB.

Unloading 22 unused Assets to reduce memory usage. Loaded Objects now: 3662.
Total: 3.704400 ms (FindLiveObjects: 0.260000 ms CreateObjectMapping: 0.163000 ms MarkObjects: 3.192100 ms  DeleteObjects: 0.088000 ms)

AssetImportParameters requested are different than current active one (requested -> active):
  custom:framework-win-MediaFoundation: 216162199b28c13a410421893ffa2e32 -> 
  custom:video-decoder-ogg-theora: a1e56fd34408186e4bbccfd4996cb3dc -> 
  custom:container-muxer-webm: aa71ff27fc2769a1b78a27578f13a17b -> 
  custom:container-demuxer-webm: 4f35f7cbe854078d1ac9338744f61a02 -> 
  custom:container-demuxer-ogg: 62fdf1f143b41e24485cea50d1cbac27 -> 
  custom:video-encoder-webm-vp8: eb34c28f22e8b96e1ab97ce403110664 -> 
  custom:video-decoder-webm-vp8: 9c59270c3fd7afecdb556c50c9e8de78 -> 
  custom:audio-decoder-ogg-vorbis: bf7c407c2cedff20999df2af8eb42d56 -> 
  custom:audio-encoder-webm-vorbis: bf7c407c2cedff20999df2af8eb42d56 -> 
========================================================================
Received Import Request.
  path: Assets/prefabs/Tiger.prefab
  artifactKey: Guid(4d00cca3bd4f7be4fa9a324f4bdfc970) Importer(815301076,1909f56bfc062723c751e8b465ee728b)
Start importing Assets/prefabs/Tiger.prefab using Guid(4d00cca3bd4f7be4fa9a324f4bdfc970) Importer(815301076,1909f56bfc062723c751e8b465ee728b)  -> (artifact id: 'ab7636f6ff8c5f21512503f554c65f01') in 0.765153 seconds 
  Import took 0.770207 seconds .

========================================================================
Received Import Request.
  Time since last request: 0.000253 seconds.
  path: Assets/Sphere.prefab
  artifactKey: Guid(cc1f52b88e020814193a9bbb860cf9a5) Importer(815301076,1909f56bfc062723c751e8b465ee728b)
Start importing Assets/Sphere.prefab using Guid(cc1f52b88e020814193a9bbb860cf9a5) Importer(815301076,1909f56bfc062723c751e8b465ee728b)  -> (artifact id: 'e1bb5c2fe7f4bcd18fa546790cabd208') in 0.260484 seconds 
  Import took 0.265408 seconds .

========================================================================
Received Import Request.
  Time since last request: 0.000238 seconds.
  path: Assets/AR Cube.prefab
  artifactKey: Guid(69ec50fba28c77d4cb75db0a136f044f) Importer(815301076,1909f56bfc062723c751e8b465ee728b)
Start importing Assets/AR Cube.prefab using Guid(69ec50fba28c77d4cb75db0a136f044f) Importer(815301076,1909f56bfc062723c751e8b465ee728b)  -> (artifact id: '795b7ba2a2b1bfedfd85b67ade3b0657') in 0.025304 seconds 
  Import took 0.033940 seconds .

========================================================================
Received Prepare
Refreshing native plugins compatible for Editor in 8.17 ms, found 2 plugins.
Preloading 0 native plugins for Editor in 0.00 ms.
Unloading 14 Unused Serialized files (Serialized files now loaded: 0)
System memory in use before: 73.9 MB.
System memory in use after: 74.1 MB.

Unloading 13 unused Assets to reduce memory usage. Loaded Objects now: 3737.
Total: 11.005100 ms (FindLiveObjects: 0.445000 ms CreateObjectMapping: 0.508700 ms MarkObjects: 10.007100 ms  DeleteObjects: 0.042600 ms)

AssetImportParameters requested are different than current active one (requested -> active):
  custom:framework-win-MediaFoundation: 216162199b28c13a410421893ffa2e32 -> 
  custom:video-decoder-ogg-theora: a1e56fd34408186e4bbccfd4996cb3dc -> 
  custom:container-muxer-webm: aa71ff27fc2769a1b78a27578f13a17b -> 
  custom:container-demuxer-webm: 4f35f7cbe854078d1ac9338744f61a02 -> 
  custom:container-demuxer-ogg: 62fdf1f143b41e24485cea50d1cbac27 -> 
  custom:video-encoder-webm-vp8: eb34c28f22e8b96e1ab97ce403110664 -> 
  custom:video-decoder-webm-vp8: 9c59270c3fd7afecdb556c50c9e8de78 -> 
  custom:audio-decoder-ogg-vorbis: bf7c407c2cedff20999df2af8eb42d56 -> 
  custom:audio-encoder-webm-vorbis: bf7c407c2cedff20999df2af8eb42d56 -> 
========================================================================
Received Import Request.
  Time since last request: 1683.619890 seconds.
  path: Assets/Scenes/SampleScene.unity
  artifactKey: Guid(9fc0d4010bbf28b4594072e72b8655ab) Importer(815301076,1909f56bfc062723c751e8b465ee728b)
Start importing Assets/Scenes/SampleScene.unity using Guid(9fc0d4010bbf28b4594072e72b8655ab) Importer(815301076,1909f56bfc062723c751e8b465ee728b)  -> (artifact id: '6768c2c8e2ed8926e99b771af8f6cf68') in 0.012477 seconds 
  Import took 0.018249 seconds .

========================================================================
Received Import Request.
  Time since last request: 142.262911 seconds.
  path: Assets/Scenes/makrers.unity
  artifactKey: Guid(0e9d4f52656c28c4599ab8b97567c08c) Importer(815301076,1909f56bfc062723c751e8b465ee728b)
Start importing Assets/Scenes/makrers.unity using Guid(0e9d4f52656c28c4599ab8b97567c08c) Importer(815301076,1909f56bfc062723c751e8b465ee728b)  -> (artifact id: '83a1e5428166104704f293babfc77044') in 0.007607 seconds 
  Import took 0.012590 seconds .

========================================================================
Received Prepare
Refreshing native plugins compatible for Editor in 3.46 ms, found 2 plugins.
Preloading 0 native plugins for Editor in 0.00 ms.
Unloading 13 Unused Serialized files (Serialized files now loaded: 0)
System memory in use before: 73.8 MB.
System memory in use after: 74.0 MB.

Unloading 13 unused Assets to reduce memory usage. Loaded Objects now: 3737.
Total: 4.448100 ms (FindLiveObjects: 0.232200 ms CreateObjectMapping: 0.141000 ms MarkObjects: 4.060000 ms  DeleteObjects: 0.014300 ms)

AssetImportParameters requested are different than current active one (requested -> active):
  custom:framework-win-MediaFoundation: 216162199b28c13a410421893ffa2e32 -> 
  custom:video-decoder-ogg-theora: a1e56fd34408186e4bbccfd4996cb3dc -> 
  custom:container-muxer-webm: aa71ff27fc2769a1b78a27578f13a17b -> 
  custom:container-demuxer-webm: 4f35f7cbe854078d1ac9338744f61a02 -> 
  custom:container-demuxer-ogg: 62fdf1f143b41e24485cea50d1cbac27 -> 
  custom:video-encoder-webm-vp8: eb34c28f22e8b96e1ab97ce403110664 -> 
  custom:video-decoder-webm-vp8: 9c59270c3fd7afecdb556c50c9e8de78 -> 
  custom:audio-decoder-ogg-vorbis: bf7c407c2cedff20999df2af8eb42d56 -> 
  custom:audio-encoder-webm-vorbis: bf7c407c2cedff20999df2af8eb42d56 -> 
========================================================================
Received Import Request.
  Time since last request: 463.809185 seconds.
  path: Assets/Scenes/SampleScene/ReflectionProbe-0.exr
  artifactKey: Guid(1cb6b35fcf9ed434b87f04ea401dd8e0) Importer(815301076,1909f56bfc062723c751e8b465ee728b)
Start importing Assets/Scenes/SampleScene/ReflectionProbe-0.exr using Guid(1cb6b35fcf9ed434b87f04ea401dd8e0) Importer(815301076,1909f56bfc062723c751e8b465ee728b)  -> (artifact id: '701e9ea948b7506e12a92873904e6ae1') in 0.040558 seconds 
  Import took 0.046269 seconds .

========================================================================
Received Import Request.
  Time since last request: 2.416092 seconds.
  path: Assets/trackedimages/KV1.jpg
  artifactKey: Guid(52aebd105ee99064f9829ad709650ada) Importer(815301076,1909f56bfc062723c751e8b465ee728b)
Start importing Assets/trackedimages/KV1.jpg using Guid(52aebd105ee99064f9829ad709650ada) Importer(815301076,1909f56bfc062723c751e8b465ee728b)  -> (artifact id: '34f0d8f93fdce6095d4f96923aa7619d') in 0.072263 seconds 
  Import took 0.077682 seconds .

========================================================================
Received Import Request.
  Time since last request: 0.000232 seconds.
  path: Assets/trackedimages/sherman.jpg
  artifactKey: Guid(804c7f08a02424d4a830a31e6fa426d1) Importer(815301076,1909f56bfc062723c751e8b465ee728b)
Start importing Assets/trackedimages/sherman.jpg using Guid(804c7f08a02424d4a830a31e6fa426d1) Importer(815301076,1909f56bfc062723c751e8b465ee728b)  -> (artifact id: 'ec366954622e92397f0819ade60adc38') in 0.029812 seconds 
  Import took 0.034325 seconds .

========================================================================
Received Import Request.
  Time since last request: 0.000245 seconds.
  path: Assets/trackedimages/PATRICK.jpg
  artifactKey: Guid(0a0835c26b078dd4ebbbf4bce9617a2e) Importer(815301076,1909f56bfc062723c751e8b465ee728b)
Start importing Assets/trackedimages/PATRICK.jpg using Guid(0a0835c26b078dd4ebbbf4bce9617a2e) Importer(815301076,1909f56bfc062723c751e8b465ee728b)  -> (artifact id: 'd010639e2b8633a408e521420246d190') in 0.021854 seconds 
  Import took 0.026490 seconds .

========================================================================
Received Import Request.
  Time since last request: 0.000257 seconds.
  path: Assets/trackedimages/WAYNE.jpg
  artifactKey: Guid(e90bd7012b20531428a76344fe9b7f14) Importer(815301076,1909f56bfc062723c751e8b465ee728b)
Start importing Assets/trackedimages/WAYNE.jpg using Guid(e90bd7012b20531428a76344fe9b7f14) Importer(815301076,1909f56bfc062723c751e8b465ee728b)  -> (artifact id: '3ddcc35128ff070a769ab431aeadfa1a') in 0.016833 seconds 
  Import took 0.021876 seconds .

========================================================================
Received Import Request.
  Time since last request: 0.000182 seconds.
  path: Assets/trackedimages/ReferenceImageLibrary.asset
  artifactKey: Guid(7d0488ffb6578134fbf83714f234e09a) Importer(815301076,1909f56bfc062723c751e8b465ee728b)
Start importing Assets/trackedimages/ReferenceImageLibrary.asset using Guid(7d0488ffb6578134fbf83714f234e09a) Importer(815301076,1909f56bfc062723c751e8b465ee728b)  -> (artifact id: '412603fb779ea7c8d50f2063b9e8a82b') in 0.022769 seconds 
  Import took 0.027912 seconds .

========================================================================
Received Import Request.
  Time since last request: 0.000162 seconds.
  path: Assets/trackedimages/t34.png
  artifactKey: Guid(079851a07b8c66042a1ea2ebf3cf34af) Importer(815301076,1909f56bfc062723c751e8b465ee728b)
Start importing Assets/trackedimages/t34.png using Guid(079851a07b8c66042a1ea2ebf3cf34af) Importer(815301076,1909f56bfc062723c751e8b465ee728b)  -> (artifact id: 'd4113d431560a4f1b4809d5ce003a174') in 0.020228 seconds 
  Import took 0.024975 seconds .

========================================================================
Received Import Request.
  Time since last request: 0.000174 seconds.
  path: Assets/trackedimages/Tiger1.jpg
  artifactKey: Guid(6a3a686cb4cc20d4f8b6a08e2f7cd5ce) Importer(815301076,1909f56bfc062723c751e8b465ee728b)
Start importing Assets/trackedimages/Tiger1.jpg using Guid(6a3a686cb4cc20d4f8b6a08e2f7cd5ce) Importer(815301076,1909f56bfc062723c751e8b465ee728b)  -> (artifact id: 'da708d0e49e991622e474df5ee914471') in 0.012732 seconds 
  Import took 0.017994 seconds .

========================================================================
Received Import Request.
  Time since last request: 1169.122392 seconds.
  path: Assets/prefabs/Tiger.prefab
  artifactKey: Guid(4d00cca3bd4f7be4fa9a324f4bdfc970) Importer(815301076,1909f56bfc062723c751e8b465ee728b)
Start importing Assets/prefabs/Tiger.prefab using Guid(4d00cca3bd4f7be4fa9a324f4bdfc970) Importer(815301076,1909f56bfc062723c751e8b465ee728b)  -> (artifact id: 'b6f168ecfcd91eb0280bd31f86e917ca') in 0.038250 seconds 
  Import took 0.044883 seconds .

========================================================================
Received Import Request.
  Time since last request: 0.549998 seconds.
  path: Assets/prefabs/Tiger.prefab
  artifactKey: Guid(4d00cca3bd4f7be4fa9a324f4bdfc970) Importer(815301076,1909f56bfc062723c751e8b465ee728b)
Start importing Assets/prefabs/Tiger.prefab using Guid(4d00cca3bd4f7be4fa9a324f4bdfc970) Importer(815301076,1909f56bfc062723c751e8b465ee728b)  -> (artifact id: '459702f409969217178778bd02950eab') in 0.018488 seconds 
  Import took 0.023666 seconds .

========================================================================
Received Import Request.
  Time since last request: 1.183378 seconds.
  path: Assets/prefabs/Tiger.prefab
  artifactKey: Guid(4d00cca3bd4f7be4fa9a324f4bdfc970) Importer(815301076,1909f56bfc062723c751e8b465ee728b)
Start importing Assets/prefabs/Tiger.prefab using Guid(4d00cca3bd4f7be4fa9a324f4bdfc970) Importer(815301076,1909f56bfc062723c751e8b465ee728b)  -> (artifact id: 'c7e4fa9171327929fac813bf5167afe7') in 0.014079 seconds 
  Import took 0.020007 seconds .

========================================================================
Received Import Request.
  Time since last request: 26.708169 seconds.
  path: Assets/NewBehaviourScript.cs
  artifactKey: Guid(1d68ff3945ea51e4695571ae9936e886) Importer(815301076,1909f56bfc062723c751e8b465ee728b)
Start importing Assets/NewBehaviourScript.cs using Guid(1d68ff3945ea51e4695571ae9936e886) Importer(815301076,1909f56bfc062723c751e8b465ee728b)  -> (artifact id: '65af4c0b033bf8b74544a328701dfebd') in 0.017117 seconds 
  Import took 0.022014 seconds .

========================================================================
Received Prepare
Registering precompiled user dll's ...
Registered in 0.005883 seconds.
Begin MonoManager ReloadAssembly
Native extension for WindowsStandalone target not found
Refreshing native plugins compatible for Editor in 0.66 ms, found 2 plugins.
Preloading 0 native plugins for Editor in 0.00 ms.
Mono: successfully reloaded assembly
- Completed reload, in  1.186 seconds
Domain Reload Profiling:
	ReloadAssembly (1187ms)
		BeginReloadAssembly (206ms)
			ExecutionOrderSort (0ms)
			DisableScriptedObjects (14ms)
			BackupInstance (0ms)
			ReleaseScriptingObjects (0ms)
			CreateAndSetChildDomain (94ms)
		EndReloadAssembly (920ms)
			LoadAssemblies (104ms)
			RebuildTransferFunctionScriptingTraits (0ms)
			SetupTypeCache (323ms)
			ReleaseScriptCaches (1ms)
			RebuildScriptCaches (40ms)
			SetupLoadedEditorAssemblies (312ms)
				LogAssemblyErrors (0ms)
				InitializePlatformSupportModulesInManaged (4ms)
				SetLoadedEditorAssemblies (1ms)
				RefreshPlugins (1ms)
				BeforeProcessingInitializeOnLoad (102ms)
				ProcessInitializeOnLoadAttributes (190ms)
				ProcessInitializeOnLoadMethodAttributes (8ms)
				AfterProcessingInitializeOnLoad (6ms)
				EditorAssembliesLoaded (0ms)
			ExecutionOrderSort2 (0ms)
			AwakeInstancesAfterBackupRestoration (14ms)
Platform modules already initialized, skipping
Switching build target platform(19) subTarget(0) extendedPlatform(0) -> platform(13) subTarget(589824) extendedPlatform(0)
Refreshing native plugins compatible for Editor in 0.69 ms, found 2 plugins.
Preloading 0 native plugins for Editor in 0.00 ms.
Unloading 3115 Unused Serialized files (Serialized files now loaded: 0)
System memory in use before: 134.6 MB.
System memory in use after: 134.8 MB.

Unloading 16 unused Assets to reduce memory usage. Loaded Objects now: 3741.
Total: 3.527500 ms (FindLiveObjects: 0.283500 ms CreateObjectMapping: 0.232700 ms MarkObjects: 2.990300 ms  DeleteObjects: 0.019700 ms)

AssetImportParameters requested are different than current active one (requested -> active):
  custom:framework-win-MediaFoundation: 216162199b28c13a410421893ffa2e32 -> 
  custom:video-decoder-ogg-theora: a1e56fd34408186e4bbccfd4996cb3dc -> 
  custom:container-muxer-webm: aa71ff27fc2769a1b78a27578f13a17b -> 
  custom:container-demuxer-webm: 4f35f7cbe854078d1ac9338744f61a02 -> 
  custom:container-demuxer-ogg: 62fdf1f143b41e24485cea50d1cbac27 -> 
  custom:video-encoder-webm-vp8: eb34c28f22e8b96e1ab97ce403110664 -> 
  custom:video-decoder-webm-vp8: 9c59270c3fd7afecdb556c50c9e8de78 -> 
  custom:graphics/normal-map-encoding: 01000000000000000000000000000000 -> 02000000000000000000000000000000
  custom:audio-decoder-ogg-vorbis: bf7c407c2cedff20999df2af8eb42d56 -> 
  custom:audio-encoder-webm-vorbis: bf7c407c2cedff20999df2af8eb42d56 -> 
========================================================================
Received Import Request.
  Time since last request: 9.686134 seconds.
  path: Assets/scripts
  artifactKey: Guid(3d80fdb03e5196f4f977fda9a78c5614) Importer(815301076,1909f56bfc062723c751e8b465ee728b)
Start importing Assets/scripts using Guid(3d80fdb03e5196f4f977fda9a78c5614) Importer(815301076,1909f56bfc062723c751e8b465ee728b)  -> (artifact id: '83d9a4fbe5eab8dae7f4db9219b5baee') in 0.011437 seconds 
  Import took 0.016730 seconds .

========================================================================
Received Import Request.
  Time since last request: 31.024972 seconds.
  path: Assets/XR/XRGeneralSettings.asset
  artifactKey: Guid(8e74aaf7d5b932348b1ec2f783851f1c) Importer(815301076,1909f56bfc062723c751e8b465ee728b)
Start importing Assets/XR/XRGeneralSettings.asset using Guid(8e74aaf7d5b932348b1ec2f783851f1c) Importer(815301076,1909f56bfc062723c751e8b465ee728b)  -> (artifact id: 'ca582b6cd05e6be4732f198d7e523c62') in 0.024057 seconds 
  Import took 0.029005 seconds .

========================================================================
Received Import Request.
  Time since last request: 2.425115 seconds.
  path: Assets/XR/Settings/AR Core Settings.asset
  artifactKey: Guid(7ac4f4a6ff7709542a7e9f5a0ac47f9e) Importer(815301076,1909f56bfc062723c751e8b465ee728b)
Start importing Assets/XR/Settings/AR Core Settings.asset using Guid(7ac4f4a6ff7709542a7e9f5a0ac47f9e) Importer(815301076,1909f56bfc062723c751e8b465ee728b)  -> (artifact id: 'b9bd31be99bf7c78d84d2e96b59967af') in 0.007018 seconds 
  Import took 0.011697 seconds .

========================================================================
Received Import Request.
  Time since last request: 0.000243 seconds.
  path: Assets/XR/Settings/AR Kit Settings.asset
  artifactKey: Guid(cc6aa4e301850d54283e46d0dc049921) Importer(815301076,1909f56bfc062723c751e8b465ee728b)
Start importing Assets/XR/Settings/AR Kit Settings.asset using Guid(cc6aa4e301850d54283e46d0dc049921) Importer(815301076,1909f56bfc062723c751e8b465ee728b)  -> (artifact id: 'e0ef1b69e0a0d7fee254a7079a97c8e7') in 0.013623 seconds 
  Import took 0.017689 seconds .

========================================================================
Received Import Request.
  Time since last request: 0.586197 seconds.
  path: Assets/XR/Loaders/AR Core Loader.asset
  artifactKey: Guid(4a8d3f5808112d046ae3f3bfca7f6988) Importer(815301076,1909f56bfc062723c751e8b465ee728b)
Start importing Assets/XR/Loaders/AR Core Loader.asset using Guid(4a8d3f5808112d046ae3f3bfca7f6988) Importer(815301076,1909f56bfc062723c751e8b465ee728b)  -> (artifact id: 'a2bae2bbf6d55972ea84fc8522b65a9f') in 0.006663 seconds 
  Import took 0.011421 seconds .

========================================================================
Received Import Request.
  Time since last request: 0.000244 seconds.
  path: Assets/XR/Loaders/AR Kit Loader.asset
  artifactKey: Guid(55a5b01129516424595f310aa3d1b7f0) Importer(815301076,1909f56bfc062723c751e8b465ee728b)
Start importing Assets/XR/Loaders/AR Kit Loader.asset using Guid(55a5b01129516424595f310aa3d1b7f0) Importer(815301076,1909f56bfc062723c751e8b465ee728b)  -> (artifact id: 'b5298f65df94cb8296ba3767006111bc') in 0.013411 seconds 
  Import took 0.017655 seconds .

========================================================================
Received Prepare
Registering precompiled user dll's ...
Registered in 0.005130 seconds.
Begin MonoManager ReloadAssembly
Native extension for WindowsStandalone target not found
Refreshing native plugins compatible for Editor in 0.58 ms, found 2 plugins.
Preloading 0 native plugins for Editor in 0.00 ms.
Mono: successfully reloaded assembly
- Completed reload, in  1.148 seconds
Domain Reload Profiling:
	ReloadAssembly (1148ms)
		BeginReloadAssembly (119ms)
			ExecutionOrderSort (0ms)
			DisableScriptedObjects (5ms)
			BackupInstance (0ms)
			ReleaseScriptingObjects (0ms)
			CreateAndSetChildDomain (37ms)
		EndReloadAssembly (968ms)
			LoadAssemblies (102ms)
			RebuildTransferFunctionScriptingTraits (0ms)
			SetupTypeCache (367ms)
			ReleaseScriptCaches (1ms)
			RebuildScriptCaches (38ms)
			SetupLoadedEditorAssemblies (314ms)
				LogAssemblyErrors (0ms)
				InitializePlatformSupportModulesInManaged (3ms)
				SetLoadedEditorAssemblies (0ms)
				RefreshPlugins (1ms)
				BeforeProcessingInitializeOnLoad (103ms)
				ProcessInitializeOnLoadAttributes (192ms)
				ProcessInitializeOnLoadMethodAttributes (8ms)
				AfterProcessingInitializeOnLoad (7ms)
				EditorAssembliesLoaded (0ms)
			ExecutionOrderSort2 (0ms)
			AwakeInstancesAfterBackupRestoration (16ms)
Platform modules already initialized, skipping
Switching build target platform(19) subTarget(0) extendedPlatform(0) -> platform(13) subTarget(589824) extendedPlatform(0)
Refreshing native plugins compatible for Editor in 0.60 ms, found 2 plugins.
Preloading 0 native plugins for Editor in 0.00 ms.
Unloading 3116 Unused Serialized files (Serialized files now loaded: 0)
System memory in use before: 134.7 MB.
System memory in use after: 134.9 MB.

Unloading 16 unused Assets to reduce memory usage. Loaded Objects now: 3745.
Total: 3.070400 ms (FindLiveObjects: 0.242200 ms CreateObjectMapping: 0.143900 ms MarkObjects: 2.668300 ms  DeleteObjects: 0.015400 ms)

AssetImportParameters requested are different than current active one (requested -> active):
  custom:framework-win-MediaFoundation: 216162199b28c13a410421893ffa2e32 -> 
  custom:video-decoder-ogg-theora: a1e56fd34408186e4bbccfd4996cb3dc -> 
  custom:container-muxer-webm: aa71ff27fc2769a1b78a27578f13a17b -> 
  custom:container-demuxer-webm: 4f35f7cbe854078d1ac9338744f61a02 -> 
  custom:container-demuxer-ogg: 62fdf1f143b41e24485cea50d1cbac27 -> 
  custom:video-encoder-webm-vp8: eb34c28f22e8b96e1ab97ce403110664 -> 
  custom:video-decoder-webm-vp8: 9c59270c3fd7afecdb556c50c9e8de78 -> 
  custom:graphics/normal-map-encoding: 01000000000000000000000000000000 -> 02000000000000000000000000000000
  custom:audio-decoder-ogg-vorbis: bf7c407c2cedff20999df2af8eb42d56 -> 
  custom:audio-encoder-webm-vorbis: bf7c407c2cedff20999df2af8eb42d56 -> 
========================================================================
Received Import Request.
  Time since last request: 424.638703 seconds.
  path: Assets/scripts/PrefabImagePairManager.cs
  artifactKey: Guid(3467a32e6a82ff04f887eebf3395c954) Importer(815301076,1909f56bfc062723c751e8b465ee728b)
Start importing Assets/scripts/PrefabImagePairManager.cs using Guid(3467a32e6a82ff04f887eebf3395c954) Importer(815301076,1909f56bfc062723c751e8b465ee728b)  -> (artifact id: '8093c973eb7b57b1fbde80de0d34af30') in 0.011207 seconds 
  Import took 0.016774 seconds .

AssetImportWorkerClient::OnTransportError - code=2 error=End of file
